<?xml version="1.0" encoding="UTF-8"?>
<!-- Generated by org.testng.reporters.JUnitReportReporter -->
<testsuite skipped="0" hostname="DXCINDAI685133" name="testNg2" tests="1" failures="0" timestamp="23 Nov 2018 09:12:45 GMT" time="45.449" errors="0">
  <testcase name="test1" time="45.449" classname="testNg2"/>
</testsuite> <!-- testNg2 -->
