<?xml version="1.0" encoding="UTF-8"?>
<!-- Generated by org.testng.reporters.JUnitReportReporter -->
<testsuite skipped="0" hostname="DXCINDAI685133" name="TestNG.TestNG_1" tests="6" failures="0" timestamp="23 Nov 2018 08:51:45 GMT" time="0.038" errors="0">
  <testcase name="test_1" time="0.017" classname="TestNG.TestNG_1"/>
  <testcase name="test_6" time="0.004" classname="TestNG.TestNG_1"/>
  <testcase name="test_4" time="0.005" classname="TestNG.TestNG_1"/>
  <testcase name="test_5" time="0.005" classname="TestNG.TestNG_1"/>
  <testcase name="test_3" time="0.003" classname="TestNG.TestNG_1"/>
  <testcase name="test_2" time="0.004" classname="TestNG.TestNG_1"/>
</testsuite> <!-- TestNG.TestNG_1 -->
